<?xml version="1.0" encoding="UTF-8"?>
<!-- Generated by org.testng.reporters.JUnitReportReporter -->
<testsuite skipped="0" hostname="lenovo-PC" name="DemoTest_project_2.DemoTest_project_2.AppTest" tests="1" failures="0" timestamp="10 Jun 2018 11:50:45 GMT" time="0.007" errors="0">
  <testcase name="shouldAnswerWithTrue" time="0.007" classname="DemoTest_project_2.DemoTest_project_2.AppTest"/>
</testsuite> <!-- DemoTest_project_2.DemoTest_project_2.AppTest -->
