<?xml version="1.0" encoding="UTF-8"?>
<!-- Generated by org.testng.reporters.JUnitReportReporter -->
<testsuite skipped="0" hostname="lenovo-PC" name="com.test.practise.Sample_Test2" tests="1" failures="0" timestamp="08 May 2018 17:20:57 GMT" time="0.012" errors="0">
  <testcase name="sample_M" time="0.012" classname="com.test.practise.Sample_Test2"/>
</testsuite> <!-- com.test.practise.Sample_Test2 -->
